<?xml version="1.0" encoding="UTF-8"?>
<!-- Generated by org.testng.reporters.JUnitReportReporter -->
<testsuite skipped="0" hostname="DESKTOP-TBQOJQQ" name="module7.GridExampleTest" tests="1" failures="0" timestamp="19 Jan 2019 04:55:31 GMT" time="4.033" errors="0">
  <testcase name="testGooglePageTitle" time="4.033" classname="module7.GridExampleTest"/>
</testsuite> <!-- module7.GridExampleTest -->
