<?xml version="1.0" encoding="UTF-8"?>
<!-- Generated by org.testng.reporters.JUnitReportReporter -->
<testsuite skipped="0" hostname="DESKTOP-TBQOJQQ" name="module7.GridExampleTest" tests="1" failures="0" timestamp="16 Jan 2019 08:17:17 GMT" time="2.974" errors="0">
  <testcase name="testGooglePageTitle" time="2.974" classname="module7.GridExampleTest"/>
</testsuite> <!-- module7.GridExampleTest -->
