<?xml version="1.0" encoding="UTF-8"?>
<!-- Generated by org.testng.reporters.JUnitReportReporter -->
<testsuite skipped="0" hostname="DESKTOP-TBQOJQQ" name="module6.Example1" tests="1" failures="0" timestamp="05 Jan 2019 04:07:35 GMT" time="9.191" errors="0">
  <testcase name="Login" time="9.191" classname="module6.Example1"/>
</testsuite> <!-- module6.Example1 -->
