<?xml version="1.0" encoding="UTF-8"?>
<!-- Generated by org.testng.reporters.JUnitReportReporter -->
<testsuite skipped="0" hostname="DESKTOP-TBQOJQQ" name="module9.NewTest" tests="2" failures="0" timestamp="09 Jan 2019 17:08:38 GMT" time="0.016" errors="0">
  <testcase name="f" time="0.016" classname="module9.NewTest"/>
  <testcase name="f" time="0.000" classname="module9.NewTest"/>
</testsuite> <!-- module9.NewTest -->
