<?xml version="1.0" encoding="UTF-8"?>
<!-- Generated by org.testng.reporters.JUnitReportReporter -->
<testsuite skipped="0" hostname="DESKTOP-TBQOJQQ" name="module6.Dependency" tests="3" failures="0" timestamp="05 Jan 2019 04:07:35 GMT" time="30.414" errors="0">
  <testcase name="Logout" time="7.164" classname="module6.Dependency"/>
  <testcase name="OpenApp" time="14.947" classname="module6.Dependency"/>
  <testcase name="Login" time="8.303" classname="module6.Dependency"/>
</testsuite> <!-- module6.Dependency -->
