<?xml version="1.0" encoding="UTF-8"?>
<!-- Generated by org.testng.reporters.JUnitReportReporter -->
<testsuite skipped="1" hostname="DESKTOP-TBQOJQQ" name="module6.Prioritizing" tests="5" failures="0" timestamp="30 Dec 2018 05:33:27 GMT" time="0.022" errors="0">
  <testcase name="Shifali" time="0.013" classname="module6.Prioritizing"/>
  <testcase name="Nimy" time="0.003" classname="module6.Prioritizing"/>
  <testcase name="Rosy" time="0.004" classname="module6.Prioritizing"/>
  <testcase name="Anu" time="0.002" classname="module6.Prioritizing"/>
  <testcase name="Carmely" classname="module6.Prioritizing">
    <skipped/>
  </testcase> <!-- Carmely -->
</testsuite> <!-- module6.Prioritizing -->
