<?xml version="1.0" encoding="UTF-8"?>
<!-- Generated by org.testng.reporters.JUnitReportReporter -->
<testsuite skipped="0" hostname="DESKTOP-TBQOJQQ" name="module6.NewTest" tests="1" failures="0" timestamp="30 Dec 2018 04:30:48 GMT" time="0.028" errors="0">
  <testcase name="f" time="0.028" classname="module6.NewTest"/>
</testsuite> <!-- module6.NewTest -->
