<?xml version="1.0" encoding="UTF-8"?>
<!-- Generated by org.testng.reporters.JUnitReportReporter -->
<testsuite skipped="0" hostname="DESKTOP-TBQOJQQ" name="module9.DDT1" tests="10" failures="0" timestamp="12 Jan 2019 04:06:38 GMT" time="55.793" errors="0">
  <testcase name="FillForm" time="5.485" classname="module9.DDT1"/>
  <testcase name="FillForm" time="5.866" classname="module9.DDT1"/>
  <testcase name="FillForm" time="5.508" classname="module9.DDT1"/>
  <testcase name="FillForm" time="5.689" classname="module9.DDT1"/>
  <testcase name="FillForm" time="5.519" classname="module9.DDT1"/>
  <testcase name="FillForm" time="5.584" classname="module9.DDT1"/>
  <testcase name="FillForm" time="5.560" classname="module9.DDT1"/>
  <testcase name="FillForm" time="5.576" classname="module9.DDT1"/>
  <testcase name="FillForm" time="5.531" classname="module9.DDT1"/>
  <testcase name="FillForm" time="5.475" classname="module9.DDT1"/>
</testsuite> <!-- module9.DDT1 -->
