<?xml version="1.0" encoding="UTF-8"?>
<!-- Generated by org.testng.reporters.JUnitReportReporter -->
<testsuite skipped="0" hostname="DESKTOP-TBQOJQQ" name="module6.Example2" tests="2" failures="0" timestamp="05 Jan 2019 03:52:12 GMT" time="13.161" errors="0">
  <testcase name="login_TestCase" time="5.645" classname="module6.Example2"/>
  <testcase name="login_TestCase" time="7.516" classname="module6.Example2"/>
</testsuite> <!-- module6.Example2 -->
