<?xml version="1.0" encoding="UTF-8"?>
<!-- Generated by org.testng.reporters.JUnitReportReporter -->
<testsuite skipped="0" hostname="DESKTOP-TBQOJQQ" name="module6.Annotations" tests="1" failures="0" timestamp="05 Jan 2019 04:07:35 GMT" time="0.016" errors="0">
  <testcase name="Test" time="0.016" classname="module6.Annotations"/>
</testsuite> <!-- module6.Annotations -->
