<?xml version="1.0" encoding="UTF-8"?>
<!-- Generated by org.testng.reporters.JUnitReportReporter -->
<testsuite skipped="0" hostname="DESKTOP-TBQOJQQ" name="module6.Sequencing" tests="5" failures="0" timestamp="30 Dec 2018 05:18:41 GMT" time="0.048" errors="0">
  <testcase name="Rosy" time="0.020" classname="module6.Sequencing"/>
  <testcase name="Anu" time="0.021" classname="module6.Sequencing"/>
  <testcase name="Nimy" time="0.003" classname="module6.Sequencing"/>
  <testcase name="Carmely" time="0.002" classname="module6.Sequencing"/>
  <testcase name="Shifali" time="0.002" classname="module6.Sequencing"/>
</testsuite> <!-- module6.Sequencing -->
