<?xml version="1.0" encoding="UTF-8"?>
<!-- Generated by org.testng.reporters.JUnitReportReporter -->
<testsuite skipped="0" hostname="DESKTOP-TBQOJQQ" name="module7.TestGridClass" tests="2" failures="0" timestamp="19 Jan 2019 05:06:32 GMT" time="74.989" errors="0">
  <testcase name="calculatepercent" time="38.157" classname="module7.TestGridClass"/>
  <testcase name="calculatepercent" time="36.832" classname="module7.TestGridClass"/>
</testsuite> <!-- module7.TestGridClass -->
